Arguments: 
  C:\Program Files\nodejs\node.exe C:\Users\Jay\AppData\Roaming\npm\node_modules\yarn\bin\yarn.js

PATH: 
  C:\Windows\system32;C:\Windows;C:\Windows\System32\Wbem;C:\Windows\System32\WindowsPowerShell\v1.0\;C:\Windows\System32\OpenSSH\;C:\Program Files (x86)\NVIDIA Corporation\PhysX\Common;C:\Program Files\NVIDIA Corporation\NVIDIA NvDLISR;C:\Program Files\nodejs\;C:\Program Files\Git\cmd;C:\Users\Jay\AppData\Local\Microsoft\WindowsApps;C:\Users\Jay\AppData\Roaming\npm;C:\Users\Jay\AppData\Local\Programs\Microsoft VS Code\bin

Yarn version: 
  1.22.19

Node version: 
  18.13.0

Platform: 
  win32 x64

Trace: 
  SyntaxError: C:\Users\Jay\Desktop\Zero-code\smart-contract-generator\package.json: Unexpected end of JSON input
      at JSON.parse (<anonymous>)
      at C:\Users\Jay\AppData\Roaming\npm\node_modules\yarn\lib\cli.js:1629:59
      at Generator.next (<anonymous>)
      at step (C:\Users\Jay\AppData\Roaming\npm\node_modules\yarn\lib\cli.js:310:30)
      at C:\Users\Jay\AppData\Roaming\npm\node_modules\yarn\lib\cli.js:321:13

npm manifest: 
  {
    "name": "test",
    "version": "1.0.0",
    "description": "",
    "main": "index.js",
    "scripts": {
      "test": "echo \"Error: no test specified\" && exit 1"
    },
    "keywords": [],
    "author": "",
    "license": "ISC",
    "dependencies": {
      "eth-sig-util": "^3.0.1",
      "ethereumjs-tx": "^2.1.2",
      "ethers": "^5.7.2",
      "express": "^4.18.2",
      "fs-extra": "^8.1.0",
      "keccak256": "^1.0.6",
      "merkletreejs": "^0.3.0",
      "path": "^0.12.7",
      "sol-verifier": "^2.1.4",
      "solc": "0.8.15",
      "web3": "^1.8.1"
    }
  }

yarn manifest: 
  No manifest

Lockfile: 
  
